http://murphylab.web.cmu.edu/publications/29-murphy1986.pdf
http://murphylab.web.cmu.edu/publications/42-wilson1989.pdf
http://murphylab.web.cmu.edu/publications/64-seamer1997.pdf
http://murphylab.web.cmu.edu/publications/66-boland1997.pdf
http://murphylab.web.cmu.edu/publications/68-rybak1998.pdf
http://murphylab.web.cmu.edu/publications/69-boland1998.pdf
http://murphylab.web.cmu.edu/publications/70-bayer1998.pdf
http://murphylab.web.cmu.edu/publications/72-markey1999.pdf
http://murphylab.web.cmu.edu/publications/73-boland1999.pdf
http://murphylab.web.cmu.edu/publications/75-boland1999.pdf
http://murphylab.web.cmu.edu/publications/79-murphy2000.pdf
http://murphylab.web.cmu.edu/publications/80-murphy2001.pdf
http://murphylab.web.cmu.edu/publications/82-jesch2001.pdf
http://murphylab.web.cmu.edu/publications/83-roques2002.pdf
http://murphylab.web.cmu.edu/publications/84-telmer2002.pdf
http://murphylab.web.cmu.edu/publications/85-huang2002.pdf
http://murphylab.web.cmu.edu/publications/86-velliste2002.pdf
http://murphylab.web.cmu.edu/publications/87-murphy2002.pdf
http://murphylab.web.cmu.edu/publications/88-price2002.pdf
http://murphylab.web.cmu.edu/publications/89-chen2003.pdf
http://murphylab.web.cmu.edu/publications/90-huang2003.pdf
http://murphylab.web.cmu.edu/publications/91-cohen2003.pdf
http://murphylab.web.cmu.edu/publications/92-kou2003.pdf
http://murphylab.web.cmu.edu/publications/93-murphy2003.pdf
http://murphylab.web.cmu.edu/publications/94-puri2004.pdf
http://murphylab.web.cmu.edu/publications/95-murphy2004.pdf
http://murphylab.web.cmu.edu/publications/96-huang2004.pdf
http://murphylab.web.cmu.edu/publications/98-murphy2004.pdf
http://murphylab.web.cmu.edu/publications/99-singh2004.pdf
http://murphylab.web.cmu.edu/publications/100-hu2004.pdf
http://murphylab.web.cmu.edu/publications/101-murphy2004.pdf
http://murphylab.web.cmu.edu/publications/102-huang2004.pdf
http://murphylab.web.cmu.edu/publications/103-chen2004.pdf
http://murphylab.web.cmu.edu/publications/105-murphy2004.pdf
http://murphylab.web.cmu.edu/publications/107-brabec2005.pdf
http://murphylab.web.cmu.edu/publications/109-merryman2005.pdf
http://murphylab.web.cmu.edu/publications/110-baravelle2005.pdf
http://murphylab.web.cmu.edu/publications/111-murphy2005.pdf
http://murphylab.web.cmu.edu/publications/112-chen2005.pdf
http://murphylab.web.cmu.edu/publications/114-nair2005.pdf
http://murphylab.web.cmu.edu/publications/117-zhao2005.pdf
http://murphylab.web.cmu.edu/publications/118-murphy2005.pdf
http://murphylab.web.cmu.edu/publications/122-chen2006.pdf
http://murphylab.web.cmu.edu/publications/123-zhao2006.pdf
http://murphylab.web.cmu.edu/publications/124-coulot2006.pdf
http://murphylab.web.cmu.edu/publications/125-hu2006.pdf
http://murphylab.web.cmu.edu/publications/126-chen2006.pdf
http://murphylab.web.cmu.edu/publications/127-chen2006.pdf
http://murphylab.web.cmu.edu/publications/128-wang2006.pdf
http://murphylab.web.cmu.edu/publications/129-murphy2006.pdf
http://murphylab.web.cmu.edu/publications/130-chen2006.pdf
http://murphylab.web.cmu.edu/publications/131-kou2007.pdf
http://murphylab.web.cmu.edu/publications/132-glory2007.pdf
http://murphylab.web.cmu.edu/publications/133-chen2007.pdf
http://murphylab.web.cmu.edu/publications/134-murphy2007.pdf
http://murphylab.web.cmu.edu/publications/135-hua2007.pdf
http://murphylab.web.cmu.edu/publications/136-garciaosuna2007.pdf
http://murphylab.web.cmu.edu/publications/137-chebira2007.pdf
http://murphylab.web.cmu.edu/publications/144-rohde2008.pdf
http://murphylab.web.cmu.edu/publications/145-chen2008.pdf
http://murphylab.web.cmu.edu/publications/146-newberg2008.pdf
http://murphylab.web.cmu.edu/publications/147-glory2008.pdf
http://murphylab.web.cmu.edu/publications/148-murphy2008.pdf
http://murphylab.web.cmu.edu/publications/149-rohde2008.pdf
http://murphylab.web.cmu.edu/publications/150-coelho2008.pdf
http://murphylab.web.cmu.edu/publications/151-hendee2008.pdf
http://murphylab.web.cmu.edu/publications/152-newberg2009.pdf
http://murphylab.web.cmu.edu/publications/153-boysen2009.pdf
http://murphylab.web.cmu.edu/publications/154-shariff2009.pdf
http://murphylab.web.cmu.edu/publications/155-coelho2009.pdf
http://murphylab.web.cmu.edu/publications/156-ahmed2009.pdf
http://murphylab.web.cmu.edu/publications/157-coelho2009.pdf
http://murphylab.web.cmu.edu/publications/158-peng2009.pdf
http://murphylab.web.cmu.edu/publications/159-newberg2009.pdf
http://murphylab.web.cmu.edu/publications/160-ahmed2009.pdf
http://murphylab.web.cmu.edu/publications/161-jackson2009.pdf
http://murphylab.web.cmu.edu/publications/162-buck2009.pdf
http://murphylab.web.cmu.edu/publications/163-huh2009.pdf
http://murphylab.web.cmu.edu/publications/164-spidlen2010.pdf
http://murphylab.web.cmu.edu/publications/165-peng2010.pdf
http://murphylab.web.cmu.edu/publications/165-peng2010-supportinginformation.pdf
http://murphylab.web.cmu.edu/publications/166-shariff2010.pdf
http://murphylab.web.cmu.edu/publications/167-glory2010.pdf
http://murphylab.web.cmu.edu/publications/168-coelho2010.pdf
http://murphylab.web.cmu.edu/publications/169-coelho2010.pdf
http://murphylab.web.cmu.edu/publications/170-coelho2010.pdf
http://murphylab.web.cmu.edu/publications/171-ahmed2010.pdf
http://murphylab.web.cmu.edu/publications/172-hu2010.pdf
http://murphylab.web.cmu.edu/publications/173-murphy2010.pdf
http://murphylab.web.cmu.edu/publications/174-shariff2010.pdf
http://murphylab.web.cmu.edu/publications/176-lin2010preprint.pdf
http://murphylab.web.cmu.edu/publications/177-shariff2011.pdf
http://murphylab.web.cmu.edu/publications/178-rao2011.pdf
http://murphylab.web.cmu.edu/publications/180-peng2011.pdf
http://murphylab.web.cmu.edu/publications/181-murphy2011.pdf
http://murphylab.web.cmu.edu/publications/183-lin2011.pdf
http://murphylab.web.cmu.edu/publications/185-li2012.pdf
http://murphylab.web.cmu.edu/publications/186-cho2012.pdf
http://murphylab.web.cmu.edu/publications/187-eliceiri2012.pdf
http://murphylab.web.cmu.edu/publications/188-buck2012.pdf
http://murphylab.web.cmu.edu/publications/191-weber2013.pdf
http://murphylab.web.cmu.edu/publications/192-stadler2013.pdf
http://murphylab.web.cmu.edu/publications/193-coelho2013.pdf
http://murphylab.web.cmu.edu/publications/199-kumar2014.pdf
http://murphylab.web.cmu.edu/publications/202-murphy2015.pdf
